{"C:\\Users\\antho\\OneDrive - Cal Poly\\2022 Q2\\Gather\\307-Gather-Backend\\backend\\models\\attendance.js": {"path":"C:\\Users\\antho\\OneDrive - Cal Poly\\2022 Q2\\Gather\\307-Gather-Backend\\backend\\models\\attendance.js","statementMap":{"0":{"start":{"line":1,"column":15},"end":{"line":1,"column":34}},"1":{"start":{"line":2,"column":15},"end":{"line":2,"column":42}},"2":{"start":{"line":4,"column":25},"end":{"line":18,"column":1}},"3":{"start":{"line":20,"column":19},"end":{"line":20,"column":65}},"4":{"start":{"line":22,"column":0},"end":{"line":22,"column":28}}},"fnMap":{},"branchMap":{},"s":{"0":1,"1":1,"2":1,"3":1,"4":1},"f":{},"b":{},"_coverageSchema":"1a1c01bbd47fc00a2c39e90264f33305004495a9","hash":"d2e5fdded312ae0c308481fede67cacbc45dbaf3"}
,"C:\\Users\\antho\\OneDrive - Cal Poly\\2022 Q2\\Gather\\307-Gather-Backend\\backend\\models\\eventServices.js": {"path":"C:\\Users\\antho\\OneDrive - Cal Poly\\2022 Q2\\Gather\\307-Gather-Backend\\backend\\models\\eventServices.js","statementMap":{"0":{"start":{"line":1,"column":17},"end":{"line":1,"column":36}},"1":{"start":{"line":3,"column":18},"end":{"line":3,"column":35}},"2":{"start":{"line":4,"column":19},"end":{"line":4,"column":38}},"3":{"start":{"line":5,"column":24},"end":{"line":5,"column":47}},"4":{"start":{"line":7,"column":0},"end":{"line":7,"column":28}},"5":{"start":{"line":8,"column":0},"end":{"line":8,"column":27}},"6":{"start":{"line":10,"column":17},"end":{"line":10,"column":138}},"7":{"start":{"line":13,"column":0},"end":{"line":23,"column":1}},"8":{"start":{"line":15,"column":3},"end":{"line":19,"column":4}},"9":{"start":{"line":18,"column":10},"end":{"line":18,"column":67}},"10":{"start":{"line":22,"column":2},"end":{"line":22,"column":56}},"11":{"start":{"line":30,"column":4},"end":{"line":63,"column":5}},"12":{"start":{"line":31,"column":6},"end":{"line":31,"column":64}},"13":{"start":{"line":35,"column":9},"end":{"line":63,"column":5}},"14":{"start":{"line":38,"column":6},"end":{"line":59,"column":7}},"15":{"start":{"line":39,"column":8},"end":{"line":41,"column":72}},"16":{"start":{"line":44,"column":11},"end":{"line":59,"column":7}},"17":{"start":{"line":45,"column":8},"end":{"line":47,"column":72}},"18":{"start":{"line":50,"column":11},"end":{"line":59,"column":7}},"19":{"start":{"line":51,"column":8},"end":{"line":53,"column":72}},"20":{"start":{"line":56,"column":8},"end":{"line":58,"column":66}},"21":{"start":{"line":62,"column":6},"end":{"line":62,"column":39}},"22":{"start":{"line":65,"column":4},"end":{"line":65,"column":18}},"23":{"start":{"line":85,"column":23},"end":{"line":85,"column":44}},"24":{"start":{"line":86,"column":14},"end":{"line":86,"column":49}},"25":{"start":{"line":88,"column":4},"end":{"line":90,"column":5}},"26":{"start":{"line":89,"column":6},"end":{"line":89,"column":33}},"27":{"start":{"line":92,"column":25},"end":{"line":92,"column":48}},"28":{"start":{"line":94,"column":4},"end":{"line":94,"column":32}},"29":{"start":{"line":96,"column":28},"end":{"line":96,"column":68}},"30":{"start":{"line":97,"column":19},"end":{"line":97,"column":47}},"31":{"start":{"line":99,"column":4},"end":{"line":99,"column":18}},"32":{"start":{"line":103,"column":23},"end":{"line":103,"column":60}},"33":{"start":{"line":104,"column":4},"end":{"line":104,"column":33}},"34":{"start":{"line":104,"column":20},"end":{"line":104,"column":33}},"35":{"start":{"line":106,"column":19},"end":{"line":106,"column":44}},"36":{"start":{"line":107,"column":4},"end":{"line":107,"column":18}},"37":{"start":{"line":111,"column":15},"end":{"line":111,"column":52}},"38":{"start":{"line":112,"column":4},"end":{"line":112,"column":26}},"39":{"start":{"line":116,"column":2},"end":{"line":116,"column":32}},"40":{"start":{"line":117,"column":2},"end":{"line":117,"column":32}},"41":{"start":{"line":118,"column":2},"end":{"line":118,"column":32}}},"fnMap":{"0":{"name":"(anonymous_0)","decl":{"start":{"line":18,"column":4},"end":{"line":18,"column":5}},"loc":{"start":{"line":18,"column":10},"end":{"line":18,"column":67}},"line":18},"1":{"name":"getEvents","decl":{"start":{"line":25,"column":15},"end":{"line":25,"column":24}},"loc":{"start":{"line":25,"column":32},"end":{"line":66,"column":3}},"line":25},"2":{"name":"addEvents","decl":{"start":{"line":84,"column":17},"end":{"line":84,"column":26}},"loc":{"start":{"line":84,"column":34},"end":{"line":100,"column":3}},"line":84},"3":{"name":"delEvents","decl":{"start":{"line":102,"column":17},"end":{"line":102,"column":26}},"loc":{"start":{"line":102,"column":30},"end":{"line":108,"column":3}},"line":102},"4":{"name":"isVerified","decl":{"start":{"line":110,"column":17},"end":{"line":110,"column":27}},"loc":{"start":{"line":110,"column":31},"end":{"line":113,"column":3}},"line":110}},"branchMap":{"0":{"loc":{"start":{"line":30,"column":4},"end":{"line":63,"column":5}},"type":"if","locations":[{"start":{"line":30,"column":4},"end":{"line":63,"column":5}},{"start":{"line":35,"column":9},"end":{"line":63,"column":5}}],"line":30},"1":{"loc":{"start":{"line":35,"column":9},"end":{"line":63,"column":5}},"type":"if","locations":[{"start":{"line":35,"column":9},"end":{"line":63,"column":5}},{"start":{"line":61,"column":8},"end":{"line":63,"column":5}}],"line":35},"2":{"loc":{"start":{"line":35,"column":13},"end":{"line":35,"column":73}},"type":"binary-expr","locations":[{"start":{"line":35,"column":13},"end":{"line":35,"column":42}},{"start":{"line":35,"column":46},"end":{"line":35,"column":73}}],"line":35},"3":{"loc":{"start":{"line":38,"column":6},"end":{"line":59,"column":7}},"type":"if","locations":[{"start":{"line":38,"column":6},"end":{"line":59,"column":7}},{"start":{"line":44,"column":11},"end":{"line":59,"column":7}}],"line":38},"4":{"loc":{"start":{"line":44,"column":11},"end":{"line":59,"column":7}},"type":"if","locations":[{"start":{"line":44,"column":11},"end":{"line":59,"column":7}},{"start":{"line":50,"column":11},"end":{"line":59,"column":7}}],"line":44},"5":{"loc":{"start":{"line":50,"column":11},"end":{"line":59,"column":7}},"type":"if","locations":[{"start":{"line":50,"column":11},"end":{"line":59,"column":7}},{"start":{"line":55,"column":10},"end":{"line":59,"column":7}}],"line":50},"6":{"loc":{"start":{"line":88,"column":4},"end":{"line":90,"column":5}},"type":"if","locations":[{"start":{"line":88,"column":4},"end":{"line":90,"column":5}},{"start":{},"end":{}}],"line":88},"7":{"loc":{"start":{"line":104,"column":4},"end":{"line":104,"column":33}},"type":"if","locations":[{"start":{"line":104,"column":4},"end":{"line":104,"column":33}},{"start":{},"end":{}}],"line":104}},"s":{"0":1,"1":1,"2":1,"3":1,"4":1,"5":1,"6":1,"7":1,"8":1,"9":1,"10":0,"11":1,"12":0,"13":1,"14":0,"15":0,"16":0,"17":0,"18":0,"19":0,"20":0,"21":1,"22":1,"23":1,"24":1,"25":1,"26":0,"27":1,"28":1,"29":1,"30":1,"31":1,"32":1,"33":1,"34":0,"35":1,"36":1,"37":1,"38":1,"39":1,"40":1,"41":1},"f":{"0":1,"1":1,"2":1,"3":1,"4":1},"b":{"0":[0,1],"1":[0,1],"2":[1,0],"3":[0,0],"4":[0,0],"5":[0,0],"6":[0,1],"7":[0,1]},"_coverageSchema":"1a1c01bbd47fc00a2c39e90264f33305004495a9","hash":"833aff26d5d04e73b33fbd283638277f628674b1"}
,"C:\\Users\\antho\\OneDrive - Cal Poly\\2022 Q2\\Gather\\307-Gather-Backend\\backend\\models\\events.js": {"path":"C:\\Users\\antho\\OneDrive - Cal Poly\\2022 Q2\\Gather\\307-Gather-Backend\\backend\\models\\events.js","statementMap":{"0":{"start":{"line":1,"column":17},"end":{"line":1,"column":36}},"1":{"start":{"line":2,"column":15},"end":{"line":2,"column":42}},"2":{"start":{"line":4,"column":21},"end":{"line":48,"column":1}},"3":{"start":{"line":50,"column":15},"end":{"line":50,"column":53}},"4":{"start":{"line":52,"column":0},"end":{"line":52,"column":24}}},"fnMap":{},"branchMap":{},"s":{"0":1,"1":1,"2":1,"3":1,"4":1},"f":{},"b":{},"_coverageSchema":"1a1c01bbd47fc00a2c39e90264f33305004495a9","hash":"69cf5a1f1f906679b6ea8226e973a00b764b1d54"}
,"C:\\Users\\antho\\OneDrive - Cal Poly\\2022 Q2\\Gather\\307-Gather-Backend\\backend\\models\\user.js": {"path":"C:\\Users\\antho\\OneDrive - Cal Poly\\2022 Q2\\Gather\\307-Gather-Backend\\backend\\models\\user.js","statementMap":{"0":{"start":{"line":1,"column":17},"end":{"line":1,"column":36}},"1":{"start":{"line":2,"column":15},"end":{"line":2,"column":42}},"2":{"start":{"line":5,"column":19},"end":{"line":48,"column":1}},"3":{"start":{"line":50,"column":13},"end":{"line":50,"column":48}},"4":{"start":{"line":52,"column":0},"end":{"line":52,"column":22}}},"fnMap":{},"branchMap":{},"s":{"0":1,"1":1,"2":1,"3":1,"4":1},"f":{},"b":{},"_coverageSchema":"1a1c01bbd47fc00a2c39e90264f33305004495a9","hash":"0e01753343b1fcd60cdcfb4c50e245a682cd8837"}
,"C:\\Users\\antho\\OneDrive - Cal Poly\\2022 Q2\\Gather\\307-Gather-Backend\\backend\\models\\userServices.js": {"path":"C:\\Users\\antho\\OneDrive - Cal Poly\\2022 Q2\\Gather\\307-Gather-Backend\\backend\\models\\userServices.js","statementMap":{"0":{"start":{"line":1,"column":15},"end":{"line":1,"column":32}},"1":{"start":{"line":2,"column":17},"end":{"line":2,"column":36}},"2":{"start":{"line":4,"column":18},"end":{"line":4,"column":35}},"3":{"start":{"line":5,"column":19},"end":{"line":5,"column":38}},"4":{"start":{"line":6,"column":24},"end":{"line":6,"column":47}},"5":{"start":{"line":8,"column":0},"end":{"line":8,"column":28}},"6":{"start":{"line":9,"column":0},"end":{"line":9,"column":27}},"7":{"start":{"line":11,"column":17},"end":{"line":11,"column":138}},"8":{"start":{"line":14,"column":0},"end":{"line":24,"column":1}},"9":{"start":{"line":16,"column":3},"end":{"line":20,"column":4}},"10":{"start":{"line":19,"column":10},"end":{"line":19,"column":66}},"11":{"start":{"line":23,"column":2},"end":{"line":23,"column":55}},"12":{"start":{"line":31,"column":2},"end":{"line":48,"column":3}},"13":{"start":{"line":32,"column":4},"end":{"line":32,"column":36}},"14":{"start":{"line":34,"column":7},"end":{"line":48,"column":3}},"15":{"start":{"line":35,"column":4},"end":{"line":35,"column":62}},"16":{"start":{"line":36,"column":4},"end":{"line":36,"column":24}},"17":{"start":{"line":38,"column":7},"end":{"line":48,"column":3}},"18":{"start":{"line":39,"column":4},"end":{"line":39,"column":24}},"19":{"start":{"line":40,"column":4},"end":{"line":41,"column":61}},"20":{"start":{"line":43,"column":7},"end":{"line":48,"column":3}},"21":{"start":{"line":44,"column":4},"end":{"line":44,"column":90}},"22":{"start":{"line":46,"column":7},"end":{"line":48,"column":3}},"23":{"start":{"line":47,"column":4},"end":{"line":47,"column":88}},"24":{"start":{"line":49,"column":2},"end":{"line":49,"column":16}},"25":{"start":{"line":54,"column":4},"end":{"line":54,"column":40}},"26":{"start":{"line":58,"column":2},"end":{"line":58,"column":45}},"27":{"start":{"line":62,"column":21},"end":{"line":62,"column":64}},"28":{"start":{"line":63,"column":2},"end":{"line":63,"column":26}},"29":{"start":{"line":65,"column":2},"end":{"line":76,"column":3}},"30":{"start":{"line":66,"column":17},"end":{"line":66,"column":51}},"31":{"start":{"line":67,"column":4},"end":{"line":67,"column":25}},"32":{"start":{"line":69,"column":22},"end":{"line":69,"column":41}},"33":{"start":{"line":70,"column":22},"end":{"line":70,"column":44}},"34":{"start":{"line":72,"column":4},"end":{"line":72,"column":21}},"35":{"start":{"line":75,"column":4},"end":{"line":75,"column":21}},"36":{"start":{"line":80,"column":19},"end":{"line":80,"column":68}},"37":{"start":{"line":81,"column":2},"end":{"line":81,"column":40}},"38":{"start":{"line":81,"column":27},"end":{"line":81,"column":40}},"39":{"start":{"line":83,"column":24},"end":{"line":83,"column":44}},"40":{"start":{"line":84,"column":2},"end":{"line":84,"column":31}},"41":{"start":{"line":86,"column":2},"end":{"line":88,"column":5}},"42":{"start":{"line":90,"column":2},"end":{"line":90,"column":20}},"43":{"start":{"line":94,"column":2},"end":{"line":94,"column":82}},"44":{"start":{"line":94,"column":69},"end":{"line":94,"column":82}},"45":{"start":{"line":96,"column":15},"end":{"line":96,"column":65}},"46":{"start":{"line":97,"column":2},"end":{"line":97,"column":39}},"47":{"start":{"line":97,"column":26},"end":{"line":97,"column":39}},"48":{"start":{"line":99,"column":2},"end":{"line":99,"column":61}},"49":{"start":{"line":105,"column":13},"end":{"line":105,"column":52}},"50":{"start":{"line":106,"column":20},"end":{"line":106,"column":32}},"51":{"start":{"line":108,"column":15},"end":{"line":108,"column":58}},"52":{"start":{"line":109,"column":22},"end":{"line":109,"column":36}},"53":{"start":{"line":111,"column":2},"end":{"line":111,"column":67}},"54":{"start":{"line":111,"column":50},"end":{"line":111,"column":67}},"55":{"start":{"line":114,"column":2},"end":{"line":114,"column":84}},"56":{"start":{"line":114,"column":71},"end":{"line":114,"column":84}},"57":{"start":{"line":116,"column":2},"end":{"line":116,"column":27}},"58":{"start":{"line":117,"column":2},"end":{"line":117,"column":27}},"59":{"start":{"line":119,"column":2},"end":{"line":121,"column":5}},"60":{"start":{"line":123,"column":2},"end":{"line":125,"column":5}},"61":{"start":{"line":127,"column":2},"end":{"line":127,"column":14}},"62":{"start":{"line":131,"column":2},"end":{"line":138,"column":17}},"63":{"start":{"line":132,"column":4},"end":{"line":132,"column":57}},"64":{"start":{"line":134,"column":7},"end":{"line":138,"column":17}},"65":{"start":{"line":135,"column":4},"end":{"line":135,"column":56}},"66":{"start":{"line":138,"column":4},"end":{"line":138,"column":17}},"67":{"start":{"line":143,"column":2},"end":{"line":143,"column":38}},"68":{"start":{"line":146,"column":0},"end":{"line":146,"column":28}},"69":{"start":{"line":147,"column":0},"end":{"line":147,"column":36}},"70":{"start":{"line":148,"column":0},"end":{"line":148,"column":26}},"71":{"start":{"line":149,"column":0},"end":{"line":149,"column":26}},"72":{"start":{"line":150,"column":0},"end":{"line":150,"column":36}},"73":{"start":{"line":151,"column":0},"end":{"line":151,"column":30}},"74":{"start":{"line":152,"column":0},"end":{"line":152,"column":30}},"75":{"start":{"line":153,"column":0},"end":{"line":153,"column":41}}},"fnMap":{"0":{"name":"(anonymous_0)","decl":{"start":{"line":19,"column":4},"end":{"line":19,"column":5}},"loc":{"start":{"line":19,"column":10},"end":{"line":19,"column":66}},"line":19},"1":{"name":"getUsers","decl":{"start":{"line":27,"column":15},"end":{"line":27,"column":23}},"loc":{"start":{"line":27,"column":31},"end":{"line":50,"column":1}},"line":27},"2":{"name":"findUserById","decl":{"start":{"line":53,"column":15},"end":{"line":53,"column":27}},"loc":{"start":{"line":53,"column":32},"end":{"line":55,"column":1}},"line":53},"3":{"name":"findUserByEmail","decl":{"start":{"line":57,"column":15},"end":{"line":57,"column":30}},"loc":{"start":{"line":57,"column":37},"end":{"line":59,"column":1}},"line":57},"4":{"name":"addUser","decl":{"start":{"line":61,"column":15},"end":{"line":61,"column":22}},"loc":{"start":{"line":61,"column":29},"end":{"line":77,"column":1}},"line":61},"5":{"name":"saveEvent","decl":{"start":{"line":79,"column":15},"end":{"line":79,"column":24}},"loc":{"start":{"line":79,"column":42},"end":{"line":91,"column":1}},"line":79},"6":{"name":"validateUser","decl":{"start":{"line":93,"column":15},"end":{"line":93,"column":27}},"loc":{"start":{"line":93,"column":37},"end":{"line":101,"column":1}},"line":93},"7":{"name":"addFriend","decl":{"start":{"line":103,"column":15},"end":{"line":103,"column":24}},"loc":{"start":{"line":103,"column":43},"end":{"line":128,"column":1}},"line":103},"8":{"name":"delUser","decl":{"start":{"line":130,"column":15},"end":{"line":130,"column":22}},"loc":{"start":{"line":130,"column":28},"end":{"line":139,"column":1}},"line":130},"9":{"name":"isEmpty","decl":{"start":{"line":142,"column":9},"end":{"line":142,"column":16}},"loc":{"start":{"line":142,"column":22},"end":{"line":144,"column":1}},"line":142}},"branchMap":{"0":{"loc":{"start":{"line":31,"column":2},"end":{"line":48,"column":3}},"type":"if","locations":[{"start":{"line":31,"column":2},"end":{"line":48,"column":3}},{"start":{"line":34,"column":7},"end":{"line":48,"column":3}}],"line":31},"1":{"loc":{"start":{"line":34,"column":7},"end":{"line":48,"column":3}},"type":"if","locations":[{"start":{"line":34,"column":7},"end":{"line":48,"column":3}},{"start":{"line":38,"column":7},"end":{"line":48,"column":3}}],"line":34},"2":{"loc":{"start":{"line":38,"column":7},"end":{"line":48,"column":3}},"type":"if","locations":[{"start":{"line":38,"column":7},"end":{"line":48,"column":3}},{"start":{"line":43,"column":7},"end":{"line":48,"column":3}}],"line":38},"3":{"loc":{"start":{"line":38,"column":10},"end":{"line":38,"column":69}},"type":"binary-expr","locations":[{"start":{"line":38,"column":10},"end":{"line":38,"column":38}},{"start":{"line":38,"column":42},"end":{"line":38,"column":69}}],"line":38},"4":{"loc":{"start":{"line":43,"column":7},"end":{"line":48,"column":3}},"type":"if","locations":[{"start":{"line":43,"column":7},"end":{"line":48,"column":3}},{"start":{"line":46,"column":7},"end":{"line":48,"column":3}}],"line":43},"5":{"loc":{"start":{"line":46,"column":7},"end":{"line":48,"column":3}},"type":"if","locations":[{"start":{"line":46,"column":7},"end":{"line":48,"column":3}},{"start":{},"end":{}}],"line":46},"6":{"loc":{"start":{"line":65,"column":2},"end":{"line":76,"column":3}},"type":"if","locations":[{"start":{"line":65,"column":2},"end":{"line":76,"column":3}},{"start":{"line":74,"column":6},"end":{"line":76,"column":3}}],"line":65},"7":{"loc":{"start":{"line":81,"column":2},"end":{"line":81,"column":40}},"type":"if","locations":[{"start":{"line":81,"column":2},"end":{"line":81,"column":40}},{"start":{},"end":{}}],"line":81},"8":{"loc":{"start":{"line":94,"column":2},"end":{"line":94,"column":82}},"type":"if","locations":[{"start":{"line":94,"column":2},"end":{"line":94,"column":82}},{"start":{},"end":{}}],"line":94},"9":{"loc":{"start":{"line":94,"column":6},"end":{"line":94,"column":67}},"type":"binary-expr","locations":[{"start":{"line":94,"column":6},"end":{"line":94,"column":33}},{"start":{"line":94,"column":37},"end":{"line":94,"column":67}}],"line":94},"10":{"loc":{"start":{"line":97,"column":2},"end":{"line":97,"column":39}},"type":"if","locations":[{"start":{"line":97,"column":2},"end":{"line":97,"column":39}},{"start":{},"end":{}}],"line":97},"11":{"loc":{"start":{"line":111,"column":2},"end":{"line":111,"column":67}},"type":"if","locations":[{"start":{"line":111,"column":2},"end":{"line":111,"column":67}},{"start":{},"end":{}}],"line":111},"12":{"loc":{"start":{"line":111,"column":6},"end":{"line":111,"column":48}},"type":"binary-expr","locations":[{"start":{"line":111,"column":6},"end":{"line":111,"column":26}},{"start":{"line":111,"column":30},"end":{"line":111,"column":48}}],"line":111},"13":{"loc":{"start":{"line":114,"column":2},"end":{"line":114,"column":84}},"type":"if","locations":[{"start":{"line":114,"column":2},"end":{"line":114,"column":84}},{"start":{},"end":{}}],"line":114},"14":{"loc":{"start":{"line":114,"column":5},"end":{"line":114,"column":69}},"type":"binary-expr","locations":[{"start":{"line":114,"column":5},"end":{"line":114,"column":35}},{"start":{"line":114,"column":39},"end":{"line":114,"column":69}}],"line":114},"15":{"loc":{"start":{"line":131,"column":2},"end":{"line":138,"column":17}},"type":"if","locations":[{"start":{"line":131,"column":2},"end":{"line":138,"column":17}},{"start":{"line":134,"column":7},"end":{"line":138,"column":17}}],"line":131},"16":{"loc":{"start":{"line":134,"column":7},"end":{"line":138,"column":17}},"type":"if","locations":[{"start":{"line":134,"column":7},"end":{"line":138,"column":17}},{"start":{"line":138,"column":4},"end":{"line":138,"column":17}}],"line":134}},"s":{"0":1,"1":1,"2":1,"3":1,"4":1,"5":1,"6":1,"7":1,"8":1,"9":1,"10":1,"11":0,"12":5,"13":1,"14":4,"15":1,"16":1,"17":3,"18":1,"19":1,"20":2,"21":1,"22":1,"23":1,"24":5,"25":1,"26":2,"27":3,"28":3,"29":3,"30":2,"31":2,"32":2,"33":2,"34":2,"35":1,"36":1,"37":1,"38":0,"39":1,"40":1,"41":1,"42":1,"43":0,"44":0,"45":0,"46":0,"47":0,"48":0,"49":0,"50":0,"51":0,"52":0,"53":0,"54":0,"55":0,"56":0,"57":0,"58":0,"59":0,"60":0,"61":0,"62":2,"63":1,"64":1,"65":1,"66":0,"67":5,"68":1,"69":1,"70":1,"71":1,"72":1,"73":1,"74":1,"75":1},"f":{"0":1,"1":5,"2":1,"3":2,"4":3,"5":1,"6":0,"7":0,"8":2,"9":5},"b":{"0":[1,4],"1":[1,3],"2":[1,2],"3":[3,2],"4":[1,1],"5":[1,0],"6":[2,1],"7":[0,1],"8":[0,0],"9":[0,0],"10":[0,0],"11":[0,0],"12":[0,0],"13":[0,0],"14":[0,0],"15":[1,1],"16":[1,0]},"_coverageSchema":"1a1c01bbd47fc00a2c39e90264f33305004495a9","hash":"9948809959fc6a99d9ce10fc1e73e9ecc157e9af"}
}
