TN:
SF:models\attendance.js
FNF:0
FNH:0
DA:1,1
DA:2,1
DA:4,1
DA:20,1
DA:22,1
LF:5
LH:5
BRF:0
BRH:0
end_of_record
TN:
SF:models\eventServices.js
FN:18,(anonymous_0)
FN:25,getEvents
FN:84,addEvents
FN:102,delEvents
FN:110,isVerified
FNF:5
FNH:5
FNDA:1,(anonymous_0)
FNDA:1,getEvents
FNDA:1,addEvents
FNDA:1,delEvents
FNDA:1,isVerified
DA:1,1
DA:3,1
DA:4,1
DA:5,1
DA:7,1
DA:8,1
DA:10,1
DA:13,1
DA:15,1
DA:18,1
DA:22,0
DA:30,1
DA:31,0
DA:35,1
DA:38,0
DA:39,0
DA:44,0
DA:45,0
DA:50,0
DA:51,0
DA:56,0
DA:62,1
DA:65,1
DA:85,1
DA:86,1
DA:88,1
DA:89,0
DA:92,1
DA:94,1
DA:96,1
DA:97,1
DA:99,1
DA:103,1
DA:104,1
DA:106,1
DA:107,1
DA:111,1
DA:112,1
DA:116,1
DA:117,1
DA:118,1
LF:41
LH:31
BRDA:30,0,0,0
BRDA:30,0,1,1
BRDA:35,1,0,0
BRDA:35,1,1,1
BRDA:35,2,0,1
BRDA:35,2,1,0
BRDA:38,3,0,0
BRDA:38,3,1,0
BRDA:44,4,0,0
BRDA:44,4,1,0
BRDA:50,5,0,0
BRDA:50,5,1,0
BRDA:88,6,0,0
BRDA:88,6,1,1
BRDA:104,7,0,0
BRDA:104,7,1,1
BRF:16
BRH:5
end_of_record
TN:
SF:models\events.js
FNF:0
FNH:0
DA:1,1
DA:2,1
DA:4,1
DA:50,1
DA:52,1
LF:5
LH:5
BRF:0
BRH:0
end_of_record
TN:
SF:models\user.js
FNF:0
FNH:0
DA:1,1
DA:2,1
DA:5,1
DA:50,1
DA:52,1
LF:5
LH:5
BRF:0
BRH:0
end_of_record
TN:
SF:models\userServices.js
FN:19,(anonymous_0)
FN:27,getUsers
FN:53,findUserById
FN:57,findUserByEmail
FN:61,addUser
FN:79,saveEvent
FN:93,validateUser
FN:103,addFriend
FN:130,delUser
FN:142,isEmpty
FNF:10
FNH:8
FNDA:1,(anonymous_0)
FNDA:5,getUsers
FNDA:1,findUserById
FNDA:2,findUserByEmail
FNDA:3,addUser
FNDA:1,saveEvent
FNDA:0,validateUser
FNDA:0,addFriend
FNDA:2,delUser
FNDA:5,isEmpty
DA:1,1
DA:2,1
DA:4,1
DA:5,1
DA:6,1
DA:8,1
DA:9,1
DA:11,1
DA:14,1
DA:16,1
DA:19,1
DA:23,0
DA:31,5
DA:32,1
DA:34,4
DA:35,1
DA:36,1
DA:38,3
DA:39,1
DA:40,1
DA:43,2
DA:44,1
DA:46,1
DA:47,1
DA:49,5
DA:54,1
DA:58,2
DA:62,3
DA:63,3
DA:65,3
DA:66,2
DA:67,2
DA:69,2
DA:70,2
DA:72,2
DA:75,1
DA:80,1
DA:81,1
DA:83,1
DA:84,1
DA:86,1
DA:90,1
DA:94,0
DA:96,0
DA:97,0
DA:99,0
DA:105,0
DA:106,0
DA:108,0
DA:109,0
DA:111,0
DA:114,0
DA:116,0
DA:117,0
DA:119,0
DA:123,0
DA:127,0
DA:131,2
DA:132,1
DA:134,1
DA:135,1
DA:138,0
DA:143,5
DA:146,1
DA:147,1
DA:148,1
DA:149,1
DA:150,1
DA:151,1
DA:152,1
DA:153,1
LF:71
LH:54
BRDA:31,0,0,1
BRDA:31,0,1,4
BRDA:34,1,0,1
BRDA:34,1,1,3
BRDA:38,2,0,1
BRDA:38,2,1,2
BRDA:38,3,0,3
BRDA:38,3,1,2
BRDA:43,4,0,1
BRDA:43,4,1,1
BRDA:46,5,0,1
BRDA:46,5,1,0
BRDA:65,6,0,2
BRDA:65,6,1,1
BRDA:81,7,0,0
BRDA:81,7,1,1
BRDA:94,8,0,0
BRDA:94,8,1,0
BRDA:94,9,0,0
BRDA:94,9,1,0
BRDA:97,10,0,0
BRDA:97,10,1,0
BRDA:111,11,0,0
BRDA:111,11,1,0
BRDA:111,12,0,0
BRDA:111,12,1,0
BRDA:114,13,0,0
BRDA:114,13,1,0
BRDA:114,14,0,0
BRDA:114,14,1,0
BRDA:131,15,0,1
BRDA:131,15,1,1
BRDA:134,16,0,1
BRDA:134,16,1,0
BRF:34
BRH:17
end_of_record
