{"C:\\Users\\antho\\OneDrive - Cal Poly\\2022 Q2\\Gather\\307-Gather-Backend\\models\\attendance.js": {"path":"C:\\Users\\antho\\OneDrive - Cal Poly\\2022 Q2\\Gather\\307-Gather-Backend\\models\\attendance.js","statementMap":{"0":{"start":{"line":1,"column":15},"end":{"line":1,"column":34}},"1":{"start":{"line":2,"column":15},"end":{"line":2,"column":42}},"2":{"start":{"line":4,"column":25},"end":{"line":18,"column":1}},"3":{"start":{"line":20,"column":19},"end":{"line":20,"column":65}},"4":{"start":{"line":22,"column":0},"end":{"line":22,"column":28}}},"fnMap":{},"branchMap":{},"s":{"0":1,"1":1,"2":1,"3":1,"4":1},"f":{},"b":{},"_coverageSchema":"1a1c01bbd47fc00a2c39e90264f33305004495a9","hash":"497fe922b585b087b3717c09a38707269f525133"}
,"C:\\Users\\antho\\OneDrive - Cal Poly\\2022 Q2\\Gather\\307-Gather-Backend\\models\\eventServices.js": {"path":"C:\\Users\\antho\\OneDrive - Cal Poly\\2022 Q2\\Gather\\307-Gather-Backend\\models\\eventServices.js","statementMap":{"0":{"start":{"line":1,"column":17},"end":{"line":1,"column":36}},"1":{"start":{"line":3,"column":18},"end":{"line":3,"column":35}},"2":{"start":{"line":4,"column":19},"end":{"line":4,"column":38}},"3":{"start":{"line":5,"column":24},"end":{"line":5,"column":47}},"4":{"start":{"line":7,"column":0},"end":{"line":7,"column":28}},"5":{"start":{"line":8,"column":0},"end":{"line":8,"column":27}},"6":{"start":{"line":10,"column":17},"end":{"line":10,"column":138}},"7":{"start":{"line":13,"column":0},"end":{"line":23,"column":1}},"8":{"start":{"line":15,"column":3},"end":{"line":19,"column":4}},"9":{"start":{"line":18,"column":10},"end":{"line":18,"column":67}},"10":{"start":{"line":22,"column":2},"end":{"line":22,"column":56}},"11":{"start":{"line":30,"column":4},"end":{"line":63,"column":5}},"12":{"start":{"line":31,"column":6},"end":{"line":31,"column":64}},"13":{"start":{"line":35,"column":9},"end":{"line":63,"column":5}},"14":{"start":{"line":38,"column":6},"end":{"line":59,"column":7}},"15":{"start":{"line":39,"column":8},"end":{"line":41,"column":72}},"16":{"start":{"line":44,"column":11},"end":{"line":59,"column":7}},"17":{"start":{"line":45,"column":8},"end":{"line":47,"column":72}},"18":{"start":{"line":50,"column":11},"end":{"line":59,"column":7}},"19":{"start":{"line":51,"column":8},"end":{"line":53,"column":72}},"20":{"start":{"line":56,"column":8},"end":{"line":58,"column":66}},"21":{"start":{"line":62,"column":6},"end":{"line":62,"column":39}},"22":{"start":{"line":65,"column":4},"end":{"line":65,"column":18}},"23":{"start":{"line":69,"column":23},"end":{"line":69,"column":44}},"24":{"start":{"line":70,"column":14},"end":{"line":70,"column":49}},"25":{"start":{"line":72,"column":4},"end":{"line":74,"column":5}},"26":{"start":{"line":73,"column":6},"end":{"line":73,"column":33}},"27":{"start":{"line":76,"column":25},"end":{"line":76,"column":48}},"28":{"start":{"line":78,"column":4},"end":{"line":78,"column":32}},"29":{"start":{"line":80,"column":28},"end":{"line":80,"column":68}},"30":{"start":{"line":81,"column":19},"end":{"line":81,"column":47}},"31":{"start":{"line":83,"column":4},"end":{"line":83,"column":18}},"32":{"start":{"line":87,"column":23},"end":{"line":87,"column":60}},"33":{"start":{"line":88,"column":4},"end":{"line":88,"column":33}},"34":{"start":{"line":88,"column":20},"end":{"line":88,"column":33}},"35":{"start":{"line":89,"column":19},"end":{"line":89,"column":44}},"36":{"start":{"line":90,"column":4},"end":{"line":90,"column":18}},"37":{"start":{"line":94,"column":15},"end":{"line":94,"column":52}},"38":{"start":{"line":95,"column":4},"end":{"line":95,"column":26}},"39":{"start":{"line":99,"column":2},"end":{"line":99,"column":32}},"40":{"start":{"line":100,"column":2},"end":{"line":100,"column":32}},"41":{"start":{"line":101,"column":2},"end":{"line":101,"column":32}}},"fnMap":{"0":{"name":"(anonymous_0)","decl":{"start":{"line":18,"column":4},"end":{"line":18,"column":5}},"loc":{"start":{"line":18,"column":10},"end":{"line":18,"column":67}},"line":18},"1":{"name":"getEvents","decl":{"start":{"line":25,"column":15},"end":{"line":25,"column":24}},"loc":{"start":{"line":25,"column":32},"end":{"line":66,"column":3}},"line":25},"2":{"name":"addEvents","decl":{"start":{"line":68,"column":17},"end":{"line":68,"column":26}},"loc":{"start":{"line":68,"column":34},"end":{"line":84,"column":3}},"line":68},"3":{"name":"delEvents","decl":{"start":{"line":86,"column":17},"end":{"line":86,"column":26}},"loc":{"start":{"line":86,"column":30},"end":{"line":91,"column":3}},"line":86},"4":{"name":"isVerified","decl":{"start":{"line":93,"column":17},"end":{"line":93,"column":27}},"loc":{"start":{"line":93,"column":31},"end":{"line":96,"column":3}},"line":93}},"branchMap":{"0":{"loc":{"start":{"line":30,"column":4},"end":{"line":63,"column":5}},"type":"if","locations":[{"start":{"line":30,"column":4},"end":{"line":63,"column":5}},{"start":{"line":35,"column":9},"end":{"line":63,"column":5}}],"line":30},"1":{"loc":{"start":{"line":35,"column":9},"end":{"line":63,"column":5}},"type":"if","locations":[{"start":{"line":35,"column":9},"end":{"line":63,"column":5}},{"start":{"line":61,"column":8},"end":{"line":63,"column":5}}],"line":35},"2":{"loc":{"start":{"line":35,"column":13},"end":{"line":35,"column":73}},"type":"binary-expr","locations":[{"start":{"line":35,"column":13},"end":{"line":35,"column":42}},{"start":{"line":35,"column":46},"end":{"line":35,"column":73}}],"line":35},"3":{"loc":{"start":{"line":38,"column":6},"end":{"line":59,"column":7}},"type":"if","locations":[{"start":{"line":38,"column":6},"end":{"line":59,"column":7}},{"start":{"line":44,"column":11},"end":{"line":59,"column":7}}],"line":38},"4":{"loc":{"start":{"line":44,"column":11},"end":{"line":59,"column":7}},"type":"if","locations":[{"start":{"line":44,"column":11},"end":{"line":59,"column":7}},{"start":{"line":50,"column":11},"end":{"line":59,"column":7}}],"line":44},"5":{"loc":{"start":{"line":50,"column":11},"end":{"line":59,"column":7}},"type":"if","locations":[{"start":{"line":50,"column":11},"end":{"line":59,"column":7}},{"start":{"line":55,"column":10},"end":{"line":59,"column":7}}],"line":50},"6":{"loc":{"start":{"line":72,"column":4},"end":{"line":74,"column":5}},"type":"if","locations":[{"start":{"line":72,"column":4},"end":{"line":74,"column":5}},{"start":{},"end":{}}],"line":72},"7":{"loc":{"start":{"line":88,"column":4},"end":{"line":88,"column":33}},"type":"if","locations":[{"start":{"line":88,"column":4},"end":{"line":88,"column":33}},{"start":{},"end":{}}],"line":88}},"s":{"0":1,"1":1,"2":1,"3":1,"4":1,"5":1,"6":1,"7":1,"8":1,"9":1,"10":0,"11":6,"12":1,"13":5,"14":4,"15":1,"16":3,"17":1,"18":2,"19":1,"20":1,"21":1,"22":6,"23":2,"24":2,"25":2,"26":1,"27":2,"28":2,"29":2,"30":2,"31":2,"32":3,"33":3,"34":1,"35":2,"36":2,"37":2,"38":2,"39":1,"40":1,"41":1},"f":{"0":1,"1":6,"2":2,"3":3,"4":2},"b":{"0":[1,5],"1":[4,1],"2":[5,4],"3":[1,3],"4":[1,2],"5":[1,1],"6":[1,1],"7":[1,2]},"_coverageSchema":"1a1c01bbd47fc00a2c39e90264f33305004495a9","hash":"50fc7ea93832a45d2467a8c50114c2037aa4b3c2"}
,"C:\\Users\\antho\\OneDrive - Cal Poly\\2022 Q2\\Gather\\307-Gather-Backend\\models\\events.js": {"path":"C:\\Users\\antho\\OneDrive - Cal Poly\\2022 Q2\\Gather\\307-Gather-Backend\\models\\events.js","statementMap":{"0":{"start":{"line":1,"column":17},"end":{"line":1,"column":36}},"1":{"start":{"line":2,"column":15},"end":{"line":2,"column":42}},"2":{"start":{"line":4,"column":21},"end":{"line":48,"column":1}},"3":{"start":{"line":50,"column":15},"end":{"line":50,"column":53}},"4":{"start":{"line":52,"column":0},"end":{"line":52,"column":24}}},"fnMap":{},"branchMap":{},"s":{"0":1,"1":1,"2":1,"3":1,"4":1},"f":{},"b":{},"_coverageSchema":"1a1c01bbd47fc00a2c39e90264f33305004495a9","hash":"53ff0718e566ff09b9c456def54b7dcb886fadab"}
,"C:\\Users\\antho\\OneDrive - Cal Poly\\2022 Q2\\Gather\\307-Gather-Backend\\models\\user.js": {"path":"C:\\Users\\antho\\OneDrive - Cal Poly\\2022 Q2\\Gather\\307-Gather-Backend\\models\\user.js","statementMap":{"0":{"start":{"line":1,"column":17},"end":{"line":1,"column":36}},"1":{"start":{"line":2,"column":15},"end":{"line":2,"column":42}},"2":{"start":{"line":5,"column":19},"end":{"line":48,"column":1}},"3":{"start":{"line":50,"column":13},"end":{"line":50,"column":48}},"4":{"start":{"line":52,"column":0},"end":{"line":52,"column":22}}},"fnMap":{},"branchMap":{},"s":{"0":1,"1":1,"2":1,"3":1,"4":1},"f":{},"b":{},"_coverageSchema":"1a1c01bbd47fc00a2c39e90264f33305004495a9","hash":"a881c09927b73cf6ad4280d0f381756bbdd3a6c9"}
,"C:\\Users\\antho\\OneDrive - Cal Poly\\2022 Q2\\Gather\\307-Gather-Backend\\models\\userServices.js": {"path":"C:\\Users\\antho\\OneDrive - Cal Poly\\2022 Q2\\Gather\\307-Gather-Backend\\models\\userServices.js","statementMap":{"0":{"start":{"line":1,"column":15},"end":{"line":1,"column":32}},"1":{"start":{"line":2,"column":17},"end":{"line":2,"column":36}},"2":{"start":{"line":4,"column":18},"end":{"line":4,"column":35}},"3":{"start":{"line":5,"column":19},"end":{"line":5,"column":38}},"4":{"start":{"line":6,"column":24},"end":{"line":6,"column":47}},"5":{"start":{"line":8,"column":0},"end":{"line":8,"column":28}},"6":{"start":{"line":9,"column":0},"end":{"line":9,"column":27}},"7":{"start":{"line":11,"column":17},"end":{"line":11,"column":138}},"8":{"start":{"line":15,"column":0},"end":{"line":25,"column":1}},"9":{"start":{"line":17,"column":3},"end":{"line":21,"column":4}},"10":{"start":{"line":20,"column":10},"end":{"line":20,"column":67}},"11":{"start":{"line":24,"column":2},"end":{"line":24,"column":56}},"12":{"start":{"line":32,"column":2},"end":{"line":48,"column":3}},"13":{"start":{"line":33,"column":4},"end":{"line":33,"column":34}},"14":{"start":{"line":35,"column":7},"end":{"line":48,"column":3}},"15":{"start":{"line":36,"column":4},"end":{"line":36,"column":60}},"16":{"start":{"line":38,"column":7},"end":{"line":48,"column":3}},"17":{"start":{"line":39,"column":4},"end":{"line":40,"column":61}},"18":{"start":{"line":42,"column":7},"end":{"line":48,"column":3}},"19":{"start":{"line":43,"column":4},"end":{"line":43,"column":88}},"20":{"start":{"line":46,"column":7},"end":{"line":48,"column":3}},"21":{"start":{"line":47,"column":4},"end":{"line":47,"column":86}},"22":{"start":{"line":54,"column":4},"end":{"line":54,"column":40}},"23":{"start":{"line":58,"column":2},"end":{"line":58,"column":48}},"24":{"start":{"line":62,"column":21},"end":{"line":62,"column":54}},"25":{"start":{"line":64,"column":2},"end":{"line":75,"column":3}},"26":{"start":{"line":65,"column":17},"end":{"line":65,"column":51}},"27":{"start":{"line":66,"column":4},"end":{"line":66,"column":25}},"28":{"start":{"line":68,"column":22},"end":{"line":68,"column":41}},"29":{"start":{"line":69,"column":22},"end":{"line":69,"column":44}},"30":{"start":{"line":71,"column":4},"end":{"line":71,"column":21}},"31":{"start":{"line":74,"column":4},"end":{"line":74,"column":21}},"32":{"start":{"line":79,"column":19},"end":{"line":79,"column":68}},"33":{"start":{"line":80,"column":2},"end":{"line":80,"column":40}},"34":{"start":{"line":80,"column":27},"end":{"line":80,"column":40}},"35":{"start":{"line":82,"column":24},"end":{"line":82,"column":44}},"36":{"start":{"line":83,"column":2},"end":{"line":83,"column":31}},"37":{"start":{"line":85,"column":2},"end":{"line":87,"column":5}},"38":{"start":{"line":89,"column":2},"end":{"line":89,"column":20}},"39":{"start":{"line":95,"column":2},"end":{"line":95,"column":82}},"40":{"start":{"line":95,"column":69},"end":{"line":95,"column":82}},"41":{"start":{"line":97,"column":15},"end":{"line":97,"column":65}},"42":{"start":{"line":98,"column":2},"end":{"line":98,"column":34}},"43":{"start":{"line":98,"column":21},"end":{"line":98,"column":34}},"44":{"start":{"line":100,"column":2},"end":{"line":102,"column":3}},"45":{"start":{"line":101,"column":4},"end":{"line":101,"column":16}},"46":{"start":{"line":103,"column":2},"end":{"line":103,"column":15}},"47":{"start":{"line":109,"column":2},"end":{"line":111,"column":3}},"48":{"start":{"line":110,"column":4},"end":{"line":110,"column":21}},"49":{"start":{"line":113,"column":13},"end":{"line":113,"column":52}},"50":{"start":{"line":114,"column":15},"end":{"line":114,"column":58}},"51":{"start":{"line":116,"column":2},"end":{"line":116,"column":57}},"52":{"start":{"line":116,"column":40},"end":{"line":116,"column":57}},"53":{"start":{"line":118,"column":20},"end":{"line":118,"column":32}},"54":{"start":{"line":119,"column":22},"end":{"line":119,"column":36}},"55":{"start":{"line":121,"column":2},"end":{"line":121,"column":84}},"56":{"start":{"line":121,"column":71},"end":{"line":121,"column":84}},"57":{"start":{"line":123,"column":2},"end":{"line":123,"column":27}},"58":{"start":{"line":124,"column":2},"end":{"line":124,"column":27}},"59":{"start":{"line":126,"column":2},"end":{"line":128,"column":5}},"60":{"start":{"line":130,"column":2},"end":{"line":132,"column":5}},"61":{"start":{"line":134,"column":2},"end":{"line":134,"column":14}},"62":{"start":{"line":138,"column":2},"end":{"line":145,"column":17}},"63":{"start":{"line":139,"column":4},"end":{"line":139,"column":57}},"64":{"start":{"line":141,"column":7},"end":{"line":145,"column":17}},"65":{"start":{"line":142,"column":4},"end":{"line":142,"column":56}},"66":{"start":{"line":145,"column":4},"end":{"line":145,"column":17}},"67":{"start":{"line":150,"column":2},"end":{"line":150,"column":38}},"68":{"start":{"line":153,"column":0},"end":{"line":153,"column":28}},"69":{"start":{"line":154,"column":0},"end":{"line":154,"column":36}},"70":{"start":{"line":155,"column":0},"end":{"line":155,"column":26}},"71":{"start":{"line":156,"column":0},"end":{"line":156,"column":26}},"72":{"start":{"line":157,"column":0},"end":{"line":157,"column":36}},"73":{"start":{"line":158,"column":0},"end":{"line":158,"column":30}},"74":{"start":{"line":159,"column":0},"end":{"line":159,"column":30}},"75":{"start":{"line":160,"column":0},"end":{"line":160,"column":42}}},"fnMap":{"0":{"name":"(anonymous_0)","decl":{"start":{"line":20,"column":4},"end":{"line":20,"column":5}},"loc":{"start":{"line":20,"column":10},"end":{"line":20,"column":67}},"line":20},"1":{"name":"getUsers","decl":{"start":{"line":29,"column":15},"end":{"line":29,"column":23}},"loc":{"start":{"line":29,"column":31},"end":{"line":50,"column":1}},"line":29},"2":{"name":"findUserById","decl":{"start":{"line":53,"column":15},"end":{"line":53,"column":27}},"loc":{"start":{"line":53,"column":32},"end":{"line":55,"column":1}},"line":53},"3":{"name":"findUserByEmail","decl":{"start":{"line":57,"column":15},"end":{"line":57,"column":30}},"loc":{"start":{"line":57,"column":37},"end":{"line":59,"column":1}},"line":57},"4":{"name":"addUser","decl":{"start":{"line":61,"column":15},"end":{"line":61,"column":22}},"loc":{"start":{"line":61,"column":29},"end":{"line":76,"column":1}},"line":61},"5":{"name":"saveEvent","decl":{"start":{"line":78,"column":15},"end":{"line":78,"column":24}},"loc":{"start":{"line":78,"column":42},"end":{"line":90,"column":1}},"line":78},"6":{"name":"validateUser","decl":{"start":{"line":93,"column":15},"end":{"line":93,"column":27}},"loc":{"start":{"line":93,"column":37},"end":{"line":105,"column":1}},"line":93},"7":{"name":"addFriend","decl":{"start":{"line":107,"column":15},"end":{"line":107,"column":24}},"loc":{"start":{"line":107,"column":43},"end":{"line":135,"column":1}},"line":107},"8":{"name":"delUser","decl":{"start":{"line":137,"column":15},"end":{"line":137,"column":22}},"loc":{"start":{"line":137,"column":28},"end":{"line":146,"column":1}},"line":137},"9":{"name":"isEmpty","decl":{"start":{"line":149,"column":9},"end":{"line":149,"column":16}},"loc":{"start":{"line":149,"column":22},"end":{"line":151,"column":1}},"line":149}},"branchMap":{"0":{"loc":{"start":{"line":32,"column":2},"end":{"line":48,"column":3}},"type":"if","locations":[{"start":{"line":32,"column":2},"end":{"line":48,"column":3}},{"start":{"line":35,"column":7},"end":{"line":48,"column":3}}],"line":32},"1":{"loc":{"start":{"line":35,"column":7},"end":{"line":48,"column":3}},"type":"if","locations":[{"start":{"line":35,"column":7},"end":{"line":48,"column":3}},{"start":{"line":38,"column":7},"end":{"line":48,"column":3}}],"line":35},"2":{"loc":{"start":{"line":38,"column":7},"end":{"line":48,"column":3}},"type":"if","locations":[{"start":{"line":38,"column":7},"end":{"line":48,"column":3}},{"start":{"line":42,"column":7},"end":{"line":48,"column":3}}],"line":38},"3":{"loc":{"start":{"line":38,"column":10},"end":{"line":38,"column":71}},"type":"binary-expr","locations":[{"start":{"line":38,"column":10},"end":{"line":38,"column":39}},{"start":{"line":38,"column":43},"end":{"line":38,"column":71}}],"line":38},"4":{"loc":{"start":{"line":42,"column":7},"end":{"line":48,"column":3}},"type":"if","locations":[{"start":{"line":42,"column":7},"end":{"line":48,"column":3}},{"start":{"line":46,"column":7},"end":{"line":48,"column":3}}],"line":42},"5":{"loc":{"start":{"line":46,"column":7},"end":{"line":48,"column":3}},"type":"if","locations":[{"start":{"line":46,"column":7},"end":{"line":48,"column":3}},{"start":{},"end":{}}],"line":46},"6":{"loc":{"start":{"line":64,"column":2},"end":{"line":75,"column":3}},"type":"if","locations":[{"start":{"line":64,"column":2},"end":{"line":75,"column":3}},{"start":{"line":73,"column":6},"end":{"line":75,"column":3}}],"line":64},"7":{"loc":{"start":{"line":80,"column":2},"end":{"line":80,"column":40}},"type":"if","locations":[{"start":{"line":80,"column":2},"end":{"line":80,"column":40}},{"start":{},"end":{}}],"line":80},"8":{"loc":{"start":{"line":95,"column":2},"end":{"line":95,"column":82}},"type":"if","locations":[{"start":{"line":95,"column":2},"end":{"line":95,"column":82}},{"start":{},"end":{}}],"line":95},"9":{"loc":{"start":{"line":95,"column":6},"end":{"line":95,"column":67}},"type":"binary-expr","locations":[{"start":{"line":95,"column":6},"end":{"line":95,"column":33}},{"start":{"line":95,"column":37},"end":{"line":95,"column":67}}],"line":95},"10":{"loc":{"start":{"line":98,"column":2},"end":{"line":98,"column":34}},"type":"if","locations":[{"start":{"line":98,"column":2},"end":{"line":98,"column":34}},{"start":{},"end":{}}],"line":98},"11":{"loc":{"start":{"line":100,"column":2},"end":{"line":102,"column":3}},"type":"if","locations":[{"start":{"line":100,"column":2},"end":{"line":102,"column":3}},{"start":{},"end":{}}],"line":100},"12":{"loc":{"start":{"line":109,"column":2},"end":{"line":111,"column":3}},"type":"if","locations":[{"start":{"line":109,"column":2},"end":{"line":111,"column":3}},{"start":{},"end":{}}],"line":109},"13":{"loc":{"start":{"line":109,"column":6},"end":{"line":109,"column":52}},"type":"binary-expr","locations":[{"start":{"line":109,"column":6},"end":{"line":109,"column":26}},{"start":{"line":109,"column":30},"end":{"line":109,"column":52}}],"line":109},"14":{"loc":{"start":{"line":116,"column":2},"end":{"line":116,"column":57}},"type":"if","locations":[{"start":{"line":116,"column":2},"end":{"line":116,"column":57}},{"start":{},"end":{}}],"line":116},"15":{"loc":{"start":{"line":116,"column":6},"end":{"line":116,"column":38}},"type":"binary-expr","locations":[{"start":{"line":116,"column":6},"end":{"line":116,"column":21}},{"start":{"line":116,"column":25},"end":{"line":116,"column":38}}],"line":116},"16":{"loc":{"start":{"line":121,"column":2},"end":{"line":121,"column":84}},"type":"if","locations":[{"start":{"line":121,"column":2},"end":{"line":121,"column":84}},{"start":{},"end":{}}],"line":121},"17":{"loc":{"start":{"line":121,"column":5},"end":{"line":121,"column":69}},"type":"binary-expr","locations":[{"start":{"line":121,"column":5},"end":{"line":121,"column":35}},{"start":{"line":121,"column":39},"end":{"line":121,"column":69}}],"line":121},"18":{"loc":{"start":{"line":138,"column":2},"end":{"line":145,"column":17}},"type":"if","locations":[{"start":{"line":138,"column":2},"end":{"line":145,"column":17}},{"start":{"line":141,"column":7},"end":{"line":145,"column":17}}],"line":138},"19":{"loc":{"start":{"line":141,"column":7},"end":{"line":145,"column":17}},"type":"if","locations":[{"start":{"line":141,"column":7},"end":{"line":145,"column":17}},{"start":{"line":145,"column":4},"end":{"line":145,"column":17}}],"line":141}},"s":{"0":1,"1":1,"2":1,"3":1,"4":1,"5":1,"6":1,"7":1,"8":1,"9":1,"10":1,"11":0,"12":6,"13":1,"14":5,"15":1,"16":4,"17":1,"18":3,"19":1,"20":2,"21":2,"22":1,"23":8,"24":3,"25":3,"26":2,"27":2,"28":2,"29":2,"30":2,"31":1,"32":2,"33":2,"34":1,"35":1,"36":1,"37":1,"38":1,"39":4,"40":1,"41":3,"42":3,"43":1,"44":2,"45":1,"46":1,"47":4,"48":1,"49":3,"50":3,"51":3,"52":1,"53":2,"54":2,"55":2,"56":1,"57":1,"58":1,"59":1,"60":1,"61":1,"62":3,"63":1,"64":2,"65":1,"66":1,"67":6,"68":1,"69":1,"70":1,"71":1,"72":1,"73":1,"74":1,"75":1},"f":{"0":1,"1":6,"2":1,"3":8,"4":3,"5":2,"6":4,"7":4,"8":3,"9":6},"b":{"0":[1,5],"1":[1,4],"2":[1,3],"3":[4,2],"4":[1,2],"5":[2,0],"6":[2,1],"7":[1,1],"8":[1,3],"9":[4,3],"10":[1,2],"11":[1,1],"12":[1,3],"13":[4,3],"14":[1,2],"15":[3,2],"16":[1,1],"17":[2,1],"18":[1,2],"19":[1,1]},"_coverageSchema":"1a1c01bbd47fc00a2c39e90264f33305004495a9","hash":"01c92d644827e8a562d75946ff6e0fa13b3510f3"}
}
