TN:
SF:models\attendance.js
FNF:0
FNH:0
DA:1,1
DA:2,1
DA:4,1
DA:20,1
DA:22,1
LF:5
LH:5
BRF:0
BRH:0
end_of_record
TN:
SF:models\eventServices.js
FN:18,(anonymous_0)
FN:25,getEvents
FN:68,addEvents
FN:86,delEvents
FN:93,isVerified
FNF:5
FNH:5
FNDA:1,(anonymous_0)
FNDA:6,getEvents
FNDA:2,addEvents
FNDA:3,delEvents
FNDA:2,isVerified
DA:1,1
DA:3,1
DA:4,1
DA:5,1
DA:7,1
DA:8,1
DA:10,1
DA:13,1
DA:15,1
DA:18,1
DA:22,0
DA:30,6
DA:31,1
DA:35,5
DA:38,4
DA:39,1
DA:44,3
DA:45,1
DA:50,2
DA:51,1
DA:56,1
DA:62,1
DA:65,6
DA:69,2
DA:70,2
DA:72,2
DA:73,1
DA:76,2
DA:78,2
DA:80,2
DA:81,2
DA:83,2
DA:87,3
DA:88,3
DA:89,2
DA:90,2
DA:94,2
DA:95,2
DA:99,1
DA:100,1
DA:101,1
LF:41
LH:40
BRDA:30,0,0,1
BRDA:30,0,1,5
BRDA:35,1,0,4
BRDA:35,1,1,1
BRDA:35,2,0,5
BRDA:35,2,1,4
BRDA:38,3,0,1
BRDA:38,3,1,3
BRDA:44,4,0,1
BRDA:44,4,1,2
BRDA:50,5,0,1
BRDA:50,5,1,1
BRDA:72,6,0,1
BRDA:72,6,1,1
BRDA:88,7,0,1
BRDA:88,7,1,2
BRF:16
BRH:16
end_of_record
TN:
SF:models\events.js
FNF:0
FNH:0
DA:1,1
DA:2,1
DA:4,1
DA:50,1
DA:52,1
LF:5
LH:5
BRF:0
BRH:0
end_of_record
TN:
SF:models\user.js
FNF:0
FNH:0
DA:1,1
DA:2,1
DA:5,1
DA:50,1
DA:52,1
LF:5
LH:5
BRF:0
BRH:0
end_of_record
TN:
SF:models\userServices.js
FN:20,(anonymous_0)
FN:29,getUsers
FN:53,findUserById
FN:57,findUserByEmail
FN:61,addUser
FN:78,saveEvent
FN:93,validateUser
FN:107,addFriend
FN:137,delUser
FN:149,isEmpty
FNF:10
FNH:10
FNDA:1,(anonymous_0)
FNDA:6,getUsers
FNDA:1,findUserById
FNDA:8,findUserByEmail
FNDA:3,addUser
FNDA:2,saveEvent
FNDA:4,validateUser
FNDA:4,addFriend
FNDA:3,delUser
FNDA:6,isEmpty
DA:1,1
DA:2,1
DA:4,1
DA:5,1
DA:6,1
DA:8,1
DA:9,1
DA:11,1
DA:15,1
DA:17,1
DA:20,1
DA:24,0
DA:32,6
DA:33,1
DA:35,5
DA:36,1
DA:38,4
DA:39,1
DA:42,3
DA:43,1
DA:46,2
DA:47,2
DA:54,1
DA:58,8
DA:62,3
DA:64,3
DA:65,2
DA:66,2
DA:68,2
DA:69,2
DA:71,2
DA:74,1
DA:79,2
DA:80,2
DA:82,1
DA:83,1
DA:85,1
DA:89,1
DA:95,4
DA:97,3
DA:98,3
DA:100,2
DA:101,1
DA:103,1
DA:109,4
DA:110,1
DA:113,3
DA:114,3
DA:116,3
DA:118,2
DA:119,2
DA:121,2
DA:123,1
DA:124,1
DA:126,1
DA:130,1
DA:134,1
DA:138,3
DA:139,1
DA:141,2
DA:142,1
DA:145,1
DA:150,6
DA:153,1
DA:154,1
DA:155,1
DA:156,1
DA:157,1
DA:158,1
DA:159,1
DA:160,1
LF:71
LH:70
BRDA:32,0,0,1
BRDA:32,0,1,5
BRDA:35,1,0,1
BRDA:35,1,1,4
BRDA:38,2,0,1
BRDA:38,2,1,3
BRDA:38,3,0,4
BRDA:38,3,1,2
BRDA:42,4,0,1
BRDA:42,4,1,2
BRDA:46,5,0,2
BRDA:46,5,1,0
BRDA:64,6,0,2
BRDA:64,6,1,1
BRDA:80,7,0,1
BRDA:80,7,1,1
BRDA:95,8,0,1
BRDA:95,8,1,3
BRDA:95,9,0,4
BRDA:95,9,1,3
BRDA:98,10,0,1
BRDA:98,10,1,2
BRDA:100,11,0,1
BRDA:100,11,1,1
BRDA:109,12,0,1
BRDA:109,12,1,3
BRDA:109,13,0,4
BRDA:109,13,1,3
BRDA:116,14,0,1
BRDA:116,14,1,2
BRDA:116,15,0,3
BRDA:116,15,1,2
BRDA:121,16,0,1
BRDA:121,16,1,1
BRDA:121,17,0,2
BRDA:121,17,1,1
BRDA:138,18,0,1
BRDA:138,18,1,2
BRDA:141,19,0,1
BRDA:141,19,1,1
BRF:40
BRH:39
end_of_record
